<?xml version="1.0" encoding="UTF-8"?>
<!-- Generated by org.testng.reporters.JUnitReportReporter -->
<testsuite skipped="0" hostname="kishore" name="scripts.ChromeTest" tests="1" failures="0" timestamp="01 Mar 2019 08:54:51 GMT" time="7.731" errors="0">
  <testcase name="sample" time="7.731" classname="scripts.ChromeTest"/>
</testsuite> <!-- scripts.ChromeTest -->
